[debug] [2025-01-24T11:50:24.036Z] ----------------------------------------------------------------------
[debug] [2025-01-24T11:50:24.038Z] Command:       /Users/dengxin/.nvm/versions/node/v20.5.1/bin/node /Users/dengxin/Library/pnpm/global/5/node_modules/firebase-tools/lib/bin/firebase.js login
[debug] [2025-01-24T11:50:24.038Z] CLI Version:   13.29.2
[debug] [2025-01-24T11:50:24.038Z] Platform:      darwin
[debug] [2025-01-24T11:50:24.038Z] Node Version:  v20.5.1
[debug] [2025-01-24T11:50:24.038Z] Time:          Fri Jan 24 2025 19:50:24 GMT+0800 (北美中部标准时间)
[debug] [2025-01-24T11:50:24.038Z] ----------------------------------------------------------------------
[debug] 
[debug] [2025-01-24T11:50:24.040Z] >>> [apiv2][query] GET https://firebase-public.firebaseio.com/cli.json [none]
[info] i  Firebase optionally collects CLI and Emulator Suite usage and error reporting information to help improve our products. Data is collected in accordance with Google's privacy policy (https://policies.google.com/privacy) and is not used to identify you.
 
[debug] [2025-01-24T11:50:25.518Z] <<< [apiv2][status] GET https://firebase-public.firebaseio.com/cli.json 200
[debug] [2025-01-24T11:50:25.518Z] <<< [apiv2][body] GET https://firebase-public.firebaseio.com/cli.json {"cloudBuildErrorAfter":1594252800000,"cloudBuildWarnAfter":1590019200000,"defaultNode10After":1594252800000,"minVersion":"3.0.5","node8DeploysDisabledAfter":1613390400000,"node8RuntimeDisabledAfter":1615809600000,"node8WarnAfter":1600128000000}
[info] i  To change your data collection preference at any time, run `firebase logout` and log in again. 
[info] 
[info] Visit this URL on this device to log in:
[info] https://accounts.google.com/o/oauth2/auth?client_id=563584335869-fgrhgmd47bqnekij5i8b5pr03ho849e6.apps.googleusercontent.com&scope=email%20openid%20https%3A%2F%2Fwww.googleapis.com%2Fauth%2Fcloudplatformprojects.readonly%20https%3A%2F%2Fwww.googleapis.com%2Fauth%2Ffirebase%20https%3A%2F%2Fwww.googleapis.com%2Fauth%2Fcloud-platform&response_type=code&state=384054603&redirect_uri=http%3A%2F%2Flocalhost%3A9005
[info] 
[info] Waiting for authentication...
[debug] [2025-01-24T11:50:45.663Z] >>> [apiv2][query] POST https://accounts.google.com/o/oauth2/token [none]
[debug] [2025-01-24T11:50:45.664Z] >>> [apiv2][body] POST https://accounts.google.com/o/oauth2/token [omitted]
[debug] [2025-01-24T11:53:12.922Z] *** [apiv2] error from fetch(https://accounts.google.com/o/oauth2/token, {"headers":{},"method":"POST","body":{"_overheadLength":543,"_valueLength":208,"_valuesToMeasure":[],"writable":false,"readable":true,"dataSize":0,"maxDataSize":2097152,"pauseStreams":true,"_released":true,"_streams":[],"_currentStream":null,"_insideLoop":false,"_pendingNext":false,"_boundary":"--------------------------079496221617875105801936","_events":{},"_eventsCount":1}}): FetchError: request to https://accounts.google.com/o/oauth2/token failed, reason: read ECONNRESET
[debug] [2025-01-24T11:53:12.924Z] Token Fetch Error: FirebaseError: Failed to make request to https://accounts.google.com/o/oauth2/token
    at RetryOperation._fn (/Users/dengxin/Library/pnpm/global/5/.pnpm/firebase-tools@13.29.2_encoding@0.1.13/node_modules/firebase-tools/lib/apiv2.js:261:31)
    at process.processTicksAndRejections (node:internal/process/task_queues:95:5)
[error] Authentication Error: Your credentials are no longer valid. Please run firebase login --reauth

For CI servers and headless environments, generate a new token with firebase login:ci
[debug] [2025-01-24T11:53:12.933Z] >>> [apiv2][query] POST https://auth.firebase.tools/attest [none]
[debug] [2025-01-24T11:53:12.933Z] >>> [apiv2][body] POST https://auth.firebase.tools/attest {"session_id":"eb90c113-0d97-455f-ae68-40f98d93fad6"}
[debug] [2025-01-24T11:53:31.821Z] ----------------------------------------------------------------------
[debug] [2025-01-24T11:53:31.822Z] Command:       /Users/dengxin/.nvm/versions/node/v20.5.1/bin/node /Users/dengxin/Library/pnpm/global/5/node_modules/firebase-tools/lib/bin/firebase.js login
[debug] [2025-01-24T11:53:31.823Z] CLI Version:   13.29.2
[debug] [2025-01-24T11:53:31.823Z] Platform:      darwin
[debug] [2025-01-24T11:53:31.823Z] Node Version:  v20.5.1
[debug] [2025-01-24T11:53:31.823Z] Time:          Fri Jan 24 2025 19:53:31 GMT+0800 (北美中部标准时间)
[debug] [2025-01-24T11:53:31.823Z] ----------------------------------------------------------------------
[debug] 
[info] i  Firebase optionally collects CLI and Emulator Suite usage and error reporting information to help improve our products. Data is collected in accordance with Google's privacy policy (https://policies.google.com/privacy) and is not used to identify you.
 
[info] i  To change your data collection preference at any time, run `firebase logout` and log in again. 
[info] 
[info] Visit this URL on this device to log in:
[info] https://accounts.google.com/o/oauth2/auth?client_id=563584335869-fgrhgmd47bqnekij5i8b5pr03ho849e6.apps.googleusercontent.com&scope=email%20openid%20https%3A%2F%2Fwww.googleapis.com%2Fauth%2Fcloudplatformprojects.readonly%20https%3A%2F%2Fwww.googleapis.com%2Fauth%2Ffirebase%20https%3A%2F%2Fwww.googleapis.com%2Fauth%2Fcloud-platform&response_type=code&state=630950244&redirect_uri=http%3A%2F%2Flocalhost%3A9005
[info] 
[info] Waiting for authentication...
[debug] [2025-01-24T11:54:49.743Z] >>> [apiv2][query] POST https://accounts.google.com/o/oauth2/token [none]
[debug] [2025-01-24T11:54:49.743Z] >>> [apiv2][body] POST https://accounts.google.com/o/oauth2/token [omitted]
[debug] [2025-01-24T11:55:57.139Z] *** [apiv2] error from fetch(https://accounts.google.com/o/oauth2/token, {"headers":{},"method":"POST","body":{"_overheadLength":543,"_valueLength":208,"_valuesToMeasure":[],"writable":false,"readable":true,"dataSize":0,"maxDataSize":2097152,"pauseStreams":true,"_released":true,"_streams":[],"_currentStream":null,"_insideLoop":false,"_pendingNext":false,"_boundary":"--------------------------388845702812335191429952","_events":{},"_eventsCount":1}}): FetchError: request to https://accounts.google.com/o/oauth2/token failed, reason: read ECONNRESET
[debug] [2025-01-24T11:55:57.140Z] Token Fetch Error: FirebaseError: Failed to make request to https://accounts.google.com/o/oauth2/token
    at RetryOperation._fn (/Users/dengxin/Library/pnpm/global/5/.pnpm/firebase-tools@13.29.2_encoding@0.1.13/node_modules/firebase-tools/lib/apiv2.js:261:31)
    at process.processTicksAndRejections (node:internal/process/task_queues:95:5)
[error] Authentication Error: Your credentials are no longer valid. Please run firebase login --reauth

For CI servers and headless environments, generate a new token with firebase login:ci
[debug] [2025-01-24T11:55:57.144Z] >>> [apiv2][query] POST https://auth.firebase.tools/attest [none]
[debug] [2025-01-24T11:55:57.145Z] >>> [apiv2][body] POST https://auth.firebase.tools/attest {"session_id":"8db1dd88-1d60-4d21-a986-1330a5c16a24"}
[debug] [2025-01-24T11:55:58.211Z] <<< [apiv2][status] POST https://auth.firebase.tools/attest 200
[debug] [2025-01-24T11:55:58.211Z] <<< [apiv2][body] POST https://auth.firebase.tools/attest {"token":"KTrkwB4eIaGRJkyW7oopBjOqDVsfjL6Yj42eeJdxehY"}
[info] 
[info] To sign in to the Firebase CLI:
[info] 
[info] 1. Take note of your session ID:
[info] 
[info]    8DB1D
[info] 
[info] 2. Visit the URL below on any device and follow the instructions to get your code:
[info] 
[info]    https://auth.firebase.tools/login?code_challenge=Jflr07gEGE5bjBbG-KkjgTM1aewQimnI7EdMfoF7T-8&session=8db1dd88-1d60-4d21-a986-1330a5c16a24&attest=KTrkwB4eIaGRJkyW7oopBjOqDVsfjL6Yj42eeJdxehY
[info] 
[info] 3. Paste or enter the authorization code below once you have it:
[info] 
[debug] [2025-01-24T11:57:42.504Z] ----------------------------------------------------------------------
[debug] [2025-01-24T11:57:42.505Z] Command:       /Users/dengxin/.nvm/versions/node/v20.5.1/bin/node /Users/dengxin/Library/pnpm/global/5/node_modules/firebase-tools/lib/bin/firebase.js login --reauth
[debug] [2025-01-24T11:57:42.506Z] CLI Version:   13.29.2
[debug] [2025-01-24T11:57:42.506Z] Platform:      darwin
[debug] [2025-01-24T11:57:42.506Z] Node Version:  v20.5.1
[debug] [2025-01-24T11:57:42.506Z] Time:          Fri Jan 24 2025 19:57:42 GMT+0800 (北美中部标准时间)
[debug] [2025-01-24T11:57:42.506Z] ----------------------------------------------------------------------
[debug] 
[info] 
[info] Visit this URL on this device to log in:
[info] https://accounts.google.com/o/oauth2/auth?client_id=563584335869-fgrhgmd47bqnekij5i8b5pr03ho849e6.apps.googleusercontent.com&scope=email%20openid%20https%3A%2F%2Fwww.googleapis.com%2Fauth%2Fcloudplatformprojects.readonly%20https%3A%2F%2Fwww.googleapis.com%2Fauth%2Ffirebase%20https%3A%2F%2Fwww.googleapis.com%2Fauth%2Fcloud-platform&response_type=code&state=40413403&redirect_uri=http%3A%2F%2Flocalhost%3A9005
[info] 
[info] Waiting for authentication...
[debug] [2025-01-24T11:58:00.545Z] >>> [apiv2][query] POST https://accounts.google.com/o/oauth2/token [none]
[debug] [2025-01-24T11:58:00.546Z] >>> [apiv2][body] POST https://accounts.google.com/o/oauth2/token [omitted]
[debug] [2025-01-24T11:59:15.596Z] *** [apiv2] error from fetch(https://accounts.google.com/o/oauth2/token, {"headers":{},"method":"POST","body":{"_overheadLength":543,"_valueLength":208,"_valuesToMeasure":[],"writable":false,"readable":true,"dataSize":0,"maxDataSize":2097152,"pauseStreams":true,"_released":true,"_streams":[],"_currentStream":null,"_insideLoop":false,"_pendingNext":false,"_boundary":"--------------------------881539784992298620962134","_events":{},"_eventsCount":1}}): FetchError: request to https://accounts.google.com/o/oauth2/token failed, reason: connect ETIMEDOUT 8.7.198.46:443
[debug] [2025-01-24T11:59:15.600Z] Token Fetch Error: FirebaseError: Failed to make request to https://accounts.google.com/o/oauth2/token
    at RetryOperation._fn (/Users/dengxin/Library/pnpm/global/5/.pnpm/firebase-tools@13.29.2_encoding@0.1.13/node_modules/firebase-tools/lib/apiv2.js:261:31)
    at process.processTicksAndRejections (node:internal/process/task_queues:95:5)
[error] Authentication Error: Your credentials are no longer valid. Please run firebase login --reauth

For CI servers and headless environments, generate a new token with firebase login:ci
[debug] [2025-01-24T11:59:15.610Z] >>> [apiv2][query] POST https://auth.firebase.tools/attest [none]
[debug] [2025-01-24T11:59:15.610Z] >>> [apiv2][body] POST https://auth.firebase.tools/attest {"session_id":"4f9d80b1-a099-4c57-adaa-839522a63a72"}
[debug] [2025-01-24T11:59:16.655Z] <<< [apiv2][status] POST https://auth.firebase.tools/attest 200
[debug] [2025-01-24T11:59:16.655Z] <<< [apiv2][body] POST https://auth.firebase.tools/attest {"token":"GGurRFPpzcEmbtsCEhhOtBvOXaDA075bjGwYLtx8VqA"}
[info] 
[info] To sign in to the Firebase CLI:
[info] 
[info] 1. Take note of your session ID:
[info] 
[info]    4F9D8
[info] 
[info] 2. Visit the URL below on any device and follow the instructions to get your code:
[info] 
[info]    https://auth.firebase.tools/login?code_challenge=fzLSZyUGdLeP8DehZUfu2f1sCBWwCu_QcsPnbpqKHFs&session=4f9d80b1-a099-4c57-adaa-839522a63a72&attest=GGurRFPpzcEmbtsCEhhOtBvOXaDA075bjGwYLtx8VqA
[info] 
[info] 3. Paste or enter the authorization code below once you have it:
[info] 
